<?xml version="1.0" encoding="UTF-8"?>
<!-- Generated by org.testng.reporters.JUnitXMLReporter -->
<testsuite hostname="DESKTOP-HRAE54G" ignored="0" name="All Functionalities" tests="5" failures="0" timestamp="2022-06-11T10:46:06 CDT" time="64.612" errors="0">
  <testcase name="testUnitedMainMenu" time="6.178" classname="scripts.UnitedAirlineTest"/>
  <testcase name="testBookTravelMenu" time="4.615" classname="scripts.UnitedAirlineTest"/>
  <testcase name="testroundTripAndOneWay" time="5.456" classname="scripts.UnitedAirlineTest"/>
  <testcase name="testUnitedCheckboxes" time="5.345" classname="scripts.UnitedAirlineTest"/>
  <testcase name="testFlights" time="11.125" classname="scripts.UnitedAirlineTest"/>
</testsuite> <!-- All Functionalities -->
