<?xml version="1.0" encoding="UTF-8"?>
<testng-results skipped="0" failed="0" ignored="0" total="5" passed="5">
  <reporter-output>
  </reporter-output>
  <suite name="Regression" duration-ms="64612" started-at="2022-06-11T10:45:01 CDT" finished-at="2022-06-11T10:46:06 CDT">
    <groups>
    </groups>
    <test name="All Functionalities" duration-ms="64612" started-at="2022-06-11T10:45:01 CDT" finished-at="2022-06-11T10:46:06 CDT">
      <class name="scripts.UnitedAirlineTest">
        <test-method status="PASS" signature="setup()[pri:0, instance:scripts.UnitedAirlineTest@31ef45e3]" name="setup" is-config="true" duration-ms="2605" started-at="2022-06-11T10:45:01 CDT" finished-at="2022-06-11T10:45:04 CDT">
          <reporter-output>
          </reporter-output>
        </test-method> <!-- setup -->
        <test-method status="PASS" signature="testUnitedMainMenu()[pri:1, instance:scripts.UnitedAirlineTest@31ef45e3]" name="testUnitedMainMenu" duration-ms="6178" started-at="2022-06-11T10:45:04 CDT" description="TC1" finished-at="2022-06-11T10:45:10 CDT">
          <reporter-output>
          </reporter-output>
        </test-method> <!-- testUnitedMainMenu -->
        <test-method status="PASS" signature="teardown()[pri:0, instance:scripts.UnitedAirlineTest@31ef45e3]" name="teardown" is-config="true" duration-ms="4853" started-at="2022-06-11T10:45:10 CDT" finished-at="2022-06-11T10:45:15 CDT">
          <reporter-output>
          </reporter-output>
        </test-method> <!-- teardown -->
        <test-method status="PASS" signature="setup()[pri:0, instance:scripts.UnitedAirlineTest@31ef45e3]" name="setup" is-config="true" duration-ms="1389" started-at="2022-06-11T10:45:15 CDT" finished-at="2022-06-11T10:45:16 CDT">
          <reporter-output>
          </reporter-output>
        </test-method> <!-- setup -->
        <test-method status="PASS" signature="testBookTravelMenu()[pri:2, instance:scripts.UnitedAirlineTest@31ef45e3]" name="testBookTravelMenu" duration-ms="4615" started-at="2022-06-11T10:45:16 CDT" finished-at="2022-06-11T10:45:21 CDT">
          <reporter-output>
          </reporter-output>
        </test-method> <!-- testBookTravelMenu -->
        <test-method status="PASS" signature="teardown()[pri:0, instance:scripts.UnitedAirlineTest@31ef45e3]" name="teardown" is-config="true" duration-ms="4364" started-at="2022-06-11T10:45:21 CDT" finished-at="2022-06-11T10:45:25 CDT">
          <reporter-output>
          </reporter-output>
        </test-method> <!-- teardown -->
        <test-method status="PASS" signature="setup()[pri:0, instance:scripts.UnitedAirlineTest@31ef45e3]" name="setup" is-config="true" duration-ms="1263" started-at="2022-06-11T10:45:25 CDT" finished-at="2022-06-11T10:45:26 CDT">
          <reporter-output>
          </reporter-output>
        </test-method> <!-- setup -->
        <test-method status="PASS" signature="testroundTripAndOneWay()[pri:3, instance:scripts.UnitedAirlineTest@31ef45e3]" name="testroundTripAndOneWay" duration-ms="5456" started-at="2022-06-11T10:45:26 CDT" finished-at="2022-06-11T10:45:32 CDT">
          <reporter-output>
          </reporter-output>
        </test-method> <!-- testroundTripAndOneWay -->
        <test-method status="PASS" signature="teardown()[pri:0, instance:scripts.UnitedAirlineTest@31ef45e3]" name="teardown" is-config="true" duration-ms="4059" started-at="2022-06-11T10:45:32 CDT" finished-at="2022-06-11T10:45:36 CDT">
          <reporter-output>
          </reporter-output>
        </test-method> <!-- teardown -->
        <test-method status="PASS" signature="setup()[pri:0, instance:scripts.UnitedAirlineTest@31ef45e3]" name="setup" is-config="true" duration-ms="1275" started-at="2022-06-11T10:45:36 CDT" finished-at="2022-06-11T10:45:37 CDT">
          <reporter-output>
          </reporter-output>
        </test-method> <!-- setup -->
        <test-method status="PASS" signature="testUnitedCheckboxes()[pri:4, instance:scripts.UnitedAirlineTest@31ef45e3]" name="testUnitedCheckboxes" duration-ms="5345" started-at="2022-06-11T10:45:37 CDT" finished-at="2022-06-11T10:45:43 CDT">
          <reporter-output>
          </reporter-output>
        </test-method> <!-- testUnitedCheckboxes -->
        <test-method status="PASS" signature="teardown()[pri:0, instance:scripts.UnitedAirlineTest@31ef45e3]" name="teardown" is-config="true" duration-ms="4628" started-at="2022-06-11T10:45:43 CDT" finished-at="2022-06-11T10:45:47 CDT">
          <reporter-output>
          </reporter-output>
        </test-method> <!-- teardown -->
        <test-method status="PASS" signature="setup()[pri:0, instance:scripts.UnitedAirlineTest@31ef45e3]" name="setup" is-config="true" duration-ms="1309" started-at="2022-06-11T10:45:47 CDT" finished-at="2022-06-11T10:45:48 CDT">
          <reporter-output>
          </reporter-output>
        </test-method> <!-- setup -->
        <test-method status="PASS" signature="testFlights()[pri:5, instance:scripts.UnitedAirlineTest@31ef45e3]" name="testFlights" duration-ms="11125" started-at="2022-06-11T10:45:48 CDT" finished-at="2022-06-11T10:46:00 CDT">
          <reporter-output>
          </reporter-output>
        </test-method> <!-- testFlights -->
        <test-method status="PASS" signature="teardown()[pri:0, instance:scripts.UnitedAirlineTest@31ef45e3]" name="teardown" is-config="true" duration-ms="6086" started-at="2022-06-11T10:46:00 CDT" finished-at="2022-06-11T10:46:06 CDT">
          <reporter-output>
          </reporter-output>
        </test-method> <!-- teardown -->
      </class> <!-- scripts.UnitedAirlineTest -->
    </test> <!-- All Functionalities -->
  </suite> <!-- Regression -->
</testng-results>
